<?xml version="1.0" encoding="UTF-8"?>
<!-- Generated by org.testng.reporters.JUnitReportReporter -->
<testsuite hostname="LOKESH" name="travelBookingOperations.ExecutionScript" tests="1" failures="0" timestamp="16 Feb 2017 16:32:12 GMT" time="26.437" errors="0">
  <testcase name="executor" time="26.437" classname="travelBookingOperations.ExecutionScript"/>
</testsuite> <!-- travelBookingOperations.ExecutionScript -->
