<?xml version="1.0" encoding="UTF-8"?>
<!-- Generated by org.testng.reporters.JUnitReportReporter -->
<testsuite name="TravelBookingTest.TravelBooking.ExecutionScript" tests="1" time="3.583" ignored="0" failures="0" timestamp="05 Feb 2017 18:14:50 GMT" skipped="0" hostname="LOKESH" errors="0">
  <testcase name="executor" time="3.583" classname="TravelBookingTest.TravelBooking.ExecutionScript"/>
</testsuite> <!-- TravelBookingTest.TravelBooking.ExecutionScript -->
