<?xml version="1.0" encoding="UTF-8"?>
<!-- Generated by org.testng.reporters.JUnitReportReporter -->
<testsuite hostname="LOKESH" name="frameworkOperations.ExecutionScript" tests="1" failures="0" timestamp="7 Mar 2017 16:41:57 GMT" time="42.823" errors="0">
  <testcase name="executor" time="42.823" classname="frameworkOperations.ExecutionScript"/>
</testsuite> <!-- frameworkOperations.ExecutionScript -->
