<?xml version="1.0" encoding="UTF-8"?>
<!-- Generated by org.testng.reporters.JUnitReportReporter -->
<testsuite name="travelBookingOperations.ExecutionScript" tests="1" time="39.733" ignored="0" failures="0" timestamp="08 Feb 2017 16:17:12 GMT" skipped="0" hostname="LOKESH" errors="0">
  <testcase name="executor" time="39.733" classname="travelBookingOperations.ExecutionScript"/>
</testsuite> <!-- travelBookingOperations.ExecutionScript -->
