<?xml version="1.0" encoding="UTF-8"?>
<!-- Generated by org.testng.reporters.JUnitReportReporter -->
<testsuite hostname="LOKESH" name="travelBookingOperations.ExecutionScript" tests="1" failures="0" timestamp="14 Feb 2017 18:20:36 GMT" time="94.463" errors="0">
  <testcase name="executor" time="94.463" classname="travelBookingOperations.ExecutionScript"/>
</testsuite> <!-- travelBookingOperations.ExecutionScript -->
