<?xml version="1.0" encoding="UTF-8"?>
<!-- Generated by org.testng.reporters.JUnitReportReporter -->
<testsuite name="TravelBookingTest.TravelBooking.ExecutionScript" tests="1" time="31.967" ignored="0" failures="0" timestamp="03 Feb 2017 18:14:16 GMT" skipped="0" hostname="LOKESH" errors="0">
  <testcase name="executor" time="31.967" classname="TravelBookingTest.TravelBooking.ExecutionScript"/>
</testsuite> <!-- TravelBookingTest.TravelBooking.ExecutionScript -->
