<?xml version="1.0" encoding="UTF-8"?>
<!-- Generated by org.testng.reporters.JUnitReportReporter -->
<testsuite skipped="0" hostname="LOKESH" name="travelBookingOperations.ExecutionScript" tests="1" failures="0" timestamp="09 Feb 2017 16:08:43 GMT" time="66.580" errors="0">
  <testcase name="executor" time="66.580" classname="travelBookingOperations.ExecutionScript"/>
</testsuite> <!-- travelBookingOperations.ExecutionScript -->
